
â•”â•â•â•â•â•â•â•â•â•â•â•â•â•â•â•â•â•â•â•â•â•â•â•â•â•â•â•â•â•â•â•â•â•â•â•â•â•â•â•â•â•â•â•â•â•â•â•â•â•â•â•â•â•â•â•â•â•—
â•‘                                                        â•‘
â•‘        SUITE COMPLETA DE PRUEBAS - HTTP SERVER        â•‘
â•‘                                                        â•‘
â•šâ•â•â•â•â•â•â•â•â•â•â•â•â•â•â•â•â•â•â•â•â•â•â•â•â•â•â•â•â•â•â•â•â•â•â•â•â•â•â•â•â•â•â•â•â•â•â•â•â•â•â•â•â•â•â•â•â•

Timestamp: Thu Oct 30 04:04:20 UTC 2025
Log file: test_results/test_suite_20251030_040420.log

â•â•â•â•â•â•â•â•â•â•â•â•â•â•â•â•â•â•â•â•â•â•â•â•â•â•â•â•â•â•â•â•â•â•â•â•â•â•â•â•â•â•â•â•â•â•â•â•â•â•â•â•â•â•â•â•
FASE 1: CompilaciÃ³n del servidor
â•â•â•â•â•â•â•â•â•â•â•â•â•â•â•â•â•â•â•â•â•â•â•â•â•â•â•â•â•â•â•â•â•â•â•â•â•â•â•â•â•â•â•â•â•â•â•â•â•â•â•â•â•â•â•â•

make[1]: Entering directory '/app'
Limpiando archivos compilados...
[0;32mâœ… Limpieza completada[0m 
make[1]: Leaving directory '/app'
make[1]: Entering directory '/app'
[0;34mCompilando servidor HTTP...[0m 
src/commands/cpu_bound/isprime.c:76:13: warning: 'is_prime_trial_division' defined but not used [-Wunused-function]
   76 | static bool is_prime_trial_division(uint64_t n) {
      |             ^~~~~~~~~~~~~~~~~~~~~~~
src/commands/io_bound/wordcount.c: In function 'handle_wordcount':
src/commands/io_bound/wordcount.c:122:10: warning: unused variable 'file_size' [-Wunused-variable]
  122 |     long file_size = (long)st.st_size;
      |          ^~~~~~~~~
[0;32mâœ… Servidor compilado: ./build/http_server[0m 

make[1]: Leaving directory '/app'
[0;32mâœ… PASSED[0m (4s)

â•â•â•â•â•â•â•â•â•â•â•â•â•â•â•â•â•â•â•â•â•â•â•â•â•â•â•â•â•â•â•â•â•â•â•â•â•â•â•â•â•â•â•â•â•â•â•â•â•â•â•â•â•â•â•â•
FASE 2: Tests unitarios - String Utils
â•â•â•â•â•â•â•â•â•â•â•â•â•â•â•â•â•â•â•â•â•â•â•â•â•â•â•â•â•â•â•â•â•â•â•â•â•â•â•â•â•â•â•â•â•â•â•â•â•â•â•â•â•â•â•â•

make[1]: Entering directory '/app'
Compilando test_string_utils...

[0;32m=========================================[0m 
[0;32m  Ejecutando Tests de String Utils[0m 
[0;32m=========================================[0m 

â•”â•â•â•â•â•â•â•â•â•â•â•â•â•â•â•â•â•â•â•â•â•â•â•â•â•â•â•â•â•â•â•â•â•â•â•â•â•â•â•â•â•â•â•â•â•â•â•â•â•â•â•â•â•â•â•â•â•â•â•â•â•—
â•‘       HTTP Server - Test Suite: String Utils              â•‘
â•šâ•â•â•â•â•â•â•â•â•â•â•â•â•â•â•â•â•â•â•â•â•â•â•â•â•â•â•â•â•â•â•â•â•â•â•â•â•â•â•â•â•â•â•â•â•â•â•â•â•â•â•â•â•â•â•â•â•â•â•â•â•

ğŸ”¤ Test Suite: String Utils
==========================================
  Running: test_url_decode_simple ... âœ… PASS
  Running: test_url_decode_spaces ... âœ… PASS
  Running: test_url_decode_percent ... âœ… PASS
  Running: test_url_decode_special_chars ... âœ… PASS
  Running: test_url_decode_empty ... âœ… PASS
  Running: test_url_decode_null ... âœ… PASS
  Running: test_trim_no_whitespace ... âœ… PASS
  Running: test_trim_leading ... âœ… PASS
  Running: test_trim_trailing ... âœ… PASS
  Running: test_trim_both ... âœ… PASS
  Running: test_trim_only_whitespace ... âœ… PASS
  Running: test_str_split_simple ... âœ… PASS
  Running: test_str_split_single ... âœ… PASS
  Running: test_str_split_empty ... âœ… PASS
  Running: test_parse_query_simple ... âœ… PASS
  Running: test_parse_query_multiple ... âœ… PASS
  Running: test_parse_query_url_encoded ... âœ… PASS
  Running: test_parse_query_empty ... âœ… PASS
  Running: test_parse_query_null ... âœ… PASS
  Running: test_parse_query_no_value ... âœ… PASS
  Running: test_get_query_param_exists ... âœ… PASS
  Running: test_get_query_param_not_exists ... âœ… PASS
  Running: test_get_query_param_int_valid ... âœ… PASS
  Running: test_get_query_param_int_negative ... âœ… PASS
  Running: test_get_query_param_int_invalid ... âœ… PASS
  Running: test_get_query_param_int_not_exists ... âœ… PASS
  Running: test_get_query_param_long_valid ... âœ… PASS
  Running: test_get_query_param_long_not_exists ... âœ… PASS


â•”â•â•â•â•â•â•â•â•â•â•â•â•â•â•â•â•â•â•â•â•â•â•â•â•â•â•â•â•â•â•â•â•â•â•â•â•â•â•â•â•â•â•â•â•â•â•â•â•â•â•â•â•â•â•â•â•â•â•â•â•â•—
â•‘                 âœ… ALL TESTS PASSED                        â•‘
â•šâ•â•â•â•â•â•â•â•â•â•â•â•â•â•â•â•â•â•â•â•â•â•â•â•â•â•â•â•â•â•â•â•â•â•â•â•â•â•â•â•â•â•â•â•â•â•â•â•â•â•â•â•â•â•â•â•â•â•â•â•â•

[0;32mâœ… Tests de String Utils: PASSED[0m 
make[1]: Leaving directory '/app'
[0;32mâœ… PASSED[0m (1s)

â•â•â•â•â•â•â•â•â•â•â•â•â•â•â•â•â•â•â•â•â•â•â•â•â•â•â•â•â•â•â•â•â•â•â•â•â•â•â•â•â•â•â•â•â•â•â•â•â•â•â•â•â•â•â•â•
FASE 3: Tests unitarios - Queue
â•â•â•â•â•â•â•â•â•â•â•â•â•â•â•â•â•â•â•â•â•â•â•â•â•â•â•â•â•â•â•â•â•â•â•â•â•â•â•â•â•â•â•â•â•â•â•â•â•â•â•â•â•â•â•â•

make[1]: Entering directory '/app'
Compilando test_queue...
src/commands/cpu_bound/isprime.c:76:13: warning: 'is_prime_trial_division' defined but not used [-Wunused-function]
   76 | static bool is_prime_trial_division(uint64_t n) {
      |             ^~~~~~~~~~~~~~~~~~~~~~~
src/commands/io_bound/wordcount.c: In function 'handle_wordcount':
src/commands/io_bound/wordcount.c:122:10: warning: unused variable 'file_size' [-Wunused-variable]
  122 |     long file_size = (long)st.st_size;
      |          ^~~~~~~~~

[0;32m=========================================[0m 
[0;32m  Ejecutando Tests de Queue[0m 
[0;32m=========================================[0m 

â•”â•â•â•â•â•â•â•â•â•â•â•â•â•â•â•â•â•â•â•â•â•â•â•â•â•â•â•â•â•â•â•â•â•â•â•â•â•â•â•â•â•â•â•â•â•â•â•â•â•â•â•â•â•â•â•â•â•â•â•â•â•—
â•‘         HTTP Server - Test Suite: Queue                   â•‘
â•”â•â•â•â•â•â•â•â•â•â•â•â•â•â•â•â•â•â•â•â•â•â•â•â•â•â•â•â•â•â•â•â•â•â•â•â•â•â•â•â•â•â•â•â•â•â•â•â•â•â•â•â•â•â•â•â•â•â•â•â•â•—


ğŸ“¦ Test Suite: Queue (Thread-Safe)
==========================================
  Running: test_queue_create ... âœ… PASS
  Running: test_queue_create_unlimited ... âœ… PASS
  Running: test_task_create ... âœ… PASS
  Running: test_task_create_null_query ... âœ… PASS
  Running: test_enqueue_dequeue_single ... âœ… PASS
  Running: test_enqueue_dequeue_multiple ... âœ… PASS
  Running: test_enqueue_full_no_wait ... âœ… PASS
  Running: test_enqueue_full_with_timeout ... âœ… PASS
  Running: test_dequeue_empty_timeout ... âœ… PASS
  Running: test_shutdown_dequeue_returns_null ... âœ… PASS
  Running: test_shutdown_enqueue_fails ... âœ… PASS
  Running: test_queue_stats ... âœ… PASS
  Running: test_concurrent_multiple_producers ... âœ… PASS
  Running: test_concurrent_producer_consumer ... âœ… PASS
  Running: test_concurrent_backpressure ... âœ… PASS
  Running: test_stress_high_concurrency ... âœ… PASS


â•”â•â•â•â•â•â•â•â•â•â•â•â•â•â•â•â•â•â•â•â•â•â•â•â•â•â•â•â•â•â•â•â•â•â•â•â•â•â•â•â•â•â•â•â•â•â•â•â•â•â•â•â•â•â•â•â•â•â•â•â•â•—
â•‘                 âœ… ALL TESTS PASSED                        â•‘
â•šâ•â•â•â•â•â•â•â•â•â•â•â•â•â•â•â•â•â•â•â•â•â•â•â•â•â•â•â•â•â•â•â•â•â•â•â•â•â•â•â•â•â•â•â•â•â•â•â•â•â•â•â•â•â•â•â•â•â•â•â•â•

[0;32mâœ… Tests de Queue: PASSED[0m 
make[1]: Leaving directory '/app'
[0;32mâœ… PASSED[0m (52s)

â•â•â•â•â•â•â•â•â•â•â•â•â•â•â•â•â•â•â•â•â•â•â•â•â•â•â•â•â•â•â•â•â•â•â•â•â•â•â•â•â•â•â•â•â•â•â•â•â•â•â•â•â•â•â•â•
FASE 4: Tests unitarios - Worker Pool
â•â•â•â•â•â•â•â•â•â•â•â•â•â•â•â•â•â•â•â•â•â•â•â•â•â•â•â•â•â•â•â•â•â•â•â•â•â•â•â•â•â•â•â•â•â•â•â•â•â•â•â•â•â•â•â•

make[1]: Entering directory '/app'
Compilando test_worker_pool...
tests/test_worker_pool.c: In function 'simple_handler':
tests/test_worker_pool.c:17:28: warning: unused parameter 'task' [-Wunused-parameter]
   17 | int simple_handler(task_t *task, void *user_ctx) {
      |                    ~~~~~~~~^~~~
src/commands/cpu_bound/isprime.c:76:13: warning: 'is_prime_trial_division' defined but not used [-Wunused-function]
   76 | static bool is_prime_trial_division(uint64_t n) {
      |             ^~~~~~~~~~~~~~~~~~~~~~~
src/commands/io_bound/wordcount.c: In function 'handle_wordcount':
src/commands/io_bound/wordcount.c:122:10: warning: unused variable 'file_size' [-Wunused-variable]
  122 |     long file_size = (long)st.st_size;
      |          ^~~~~~~~~

[0;32m=========================================[0m 
[0;32m  Ejecutando Tests de Worker Pool[0m 
[0;32m=========================================[0m 
All tasks processed: 20
[0;32mâœ… Tests de Worker Pool: PASSED[0m 
make[1]: Leaving directory '/app'
[0;32mâœ… PASSED[0m (4s)

â•â•â•â•â•â•â•â•â•â•â•â•â•â•â•â•â•â•â•â•â•â•â•â•â•â•â•â•â•â•â•â•â•â•â•â•â•â•â•â•â•â•â•â•â•â•â•â•â•â•â•â•â•â•â•â•
FASE 5: Tests unitarios - Job Manager
â•â•â•â•â•â•â•â•â•â•â•â•â•â•â•â•â•â•â•â•â•â•â•â•â•â•â•â•â•â•â•â•â•â•â•â•â•â•â•â•â•â•â•â•â•â•â•â•â•â•â•â•â•â•â•â•

make[1]: Entering directory '/app'
Compilando test_job_manager...
src/commands/cpu_bound/isprime.c:76:13: warning: 'is_prime_trial_division' defined but not used [-Wunused-function]
   76 | static bool is_prime_trial_division(uint64_t n) {
      |             ^~~~~~~~~~~~~~~~~~~~~~~
src/commands/io_bound/wordcount.c: In function 'handle_wordcount':
src/commands/io_bound/wordcount.c:122:10: warning: unused variable 'file_size' [-Wunused-variable]
  122 |     long file_size = (long)st.st_size;
      |          ^~~~~~~~~

[0;32m=========================================[0m 
[0;32m  Ejecutando Tests de Job Manager[0m 
[0;32m=========================================[0m 
  Running: test_job_submit_and_status ... âœ… PASS
  Running: test_job_mark_running_and_done ... âœ… PASS
  Running: test_job_mark_error_and_get_result ... âœ… PASS
  Running: test_job_cancel ... âœ… PASS

==========================================
ğŸ“Š TEST SUMMARY
==========================================
Total Assertions: 17
âœ… Passed: 17
âŒ Failed: 0
Pass Rate: 100.00%
==========================================
ğŸ‰ ALL TESTS PASSED!

[0;32mâœ… Tests de Job Manager: PASSED[0m 
make[1]: Leaving directory '/app'
[0;32mâœ… PASSED[0m (4s)

â•â•â•â•â•â•â•â•â•â•â•â•â•â•â•â•â•â•â•â•â•â•â•â•â•â•â•â•â•â•â•â•â•â•â•â•â•â•â•â•â•â•â•â•â•â•â•â•â•â•â•â•â•â•â•â•
FASE 6: Tests unitarios - HTTP Parser
â•â•â•â•â•â•â•â•â•â•â•â•â•â•â•â•â•â•â•â•â•â•â•â•â•â•â•â•â•â•â•â•â•â•â•â•â•â•â•â•â•â•â•â•â•â•â•â•â•â•â•â•â•â•â•â•

make[1]: Entering directory '/app'
Compilando test_http_parser...
In file included from tests/test_http_parser.c:1:
tests/test_http_parser.c: In function 'test_split_uri_with_query':
tests/test_utils.h:53:50: warning: the address of 'path' will always evaluate as 'true' [-Waddress]
   53 |                     __FILE__, __LINE__, (b), (a) ? (a) : "NULL"); \
      |                                                  ^
tests/test_http_parser.c:110:5: note: in expansion of macro 'ASSERT_STR_EQ'
  110 |     ASSERT_STR_EQ(path, "/isprime");
      |     ^~~~~~~~~~~~~
tests/test_utils.h:53:50: warning: the address of 'query' will always evaluate as 'true' [-Waddress]
   53 |                     __FILE__, __LINE__, (b), (a) ? (a) : "NULL"); \
      |                                                  ^
tests/test_http_parser.c:111:5: note: in expansion of macro 'ASSERT_STR_EQ'
  111 |     ASSERT_STR_EQ(query, "n=97");
      |     ^~~~~~~~~~~~~
tests/test_http_parser.c: In function 'test_split_uri_without_query':
tests/test_utils.h:53:50: warning: the address of 'path' will always evaluate as 'true' [-Waddress]
   53 |                     __FILE__, __LINE__, (b), (a) ? (a) : "NULL"); \
      |                                                  ^
tests/test_http_parser.c:120:5: note: in expansion of macro 'ASSERT_STR_EQ'
  120 |     ASSERT_STR_EQ(path, "/status");
      |     ^~~~~~~~~~~~~
tests/test_utils.h:53:50: warning: the address of 'query' will always evaluate as 'true' [-Waddress]
   53 |                     __FILE__, __LINE__, (b), (a) ? (a) : "NULL"); \
      |                                                  ^
tests/test_http_parser.c:121:5: note: in expansion of macro 'ASSERT_STR_EQ'
  121 |     ASSERT_STR_EQ(query, "");
      |     ^~~~~~~~~~~~~
tests/test_http_parser.c: In function 'test_split_uri_complex':
tests/test_utils.h:53:50: warning: the address of 'path' will always evaluate as 'true' [-Waddress]
   53 |                     __FILE__, __LINE__, (b), (a) ? (a) : "NULL"); \
      |                                                  ^
tests/test_http_parser.c:130:5: note: in expansion of macro 'ASSERT_STR_EQ'
  130 |     ASSERT_STR_EQ(path, "/test");
      |     ^~~~~~~~~~~~~
tests/test_utils.h:53:50: warning: the address of 'query' will always evaluate as 'true' [-Waddress]
   53 |                     __FILE__, __LINE__, (b), (a) ? (a) : "NULL"); \
      |                                                  ^
tests/test_http_parser.c:131:5: note: in expansion of macro 'ASSERT_STR_EQ'
  131 |     ASSERT_STR_EQ(query, "a=1&b=2&c=3");
      |     ^~~~~~~~~~~~~
src/commands/cpu_bound/isprime.c:76:13: warning: 'is_prime_trial_division' defined but not used [-Wunused-function]
   76 | static bool is_prime_trial_division(uint64_t n) {
      |             ^~~~~~~~~~~~~~~~~~~~~~~
src/commands/io_bound/wordcount.c: In function 'handle_wordcount':
src/commands/io_bound/wordcount.c:122:10: warning: unused variable 'file_size' [-Wunused-variable]
  122 |     long file_size = (long)st.st_size;
      |          ^~~~~~~~~

[0;32m=========================================[0m 
[0;32m  Ejecutando Tests de HTTP Parser[0m 
[0;32m=========================================[0m 

ğŸ“¦ Test Suite: HTTP Parser
==========================================
  Running: test_parse_simple_get ... âœ… PASS
  Running: test_parse_get_with_query ... âœ… PASS
  Running: test_parse_with_headers ... âœ… PASS
  Running: test_parse_complex_query ... âœ… PASS
  Running: test_parse_malformed_no_version ... âœ… PASS
  Running: test_parse_malformed_no_crlf ... âœ… PASS
  Running: test_parse_http_1_1 ... âœ… PASS
  Running: test_split_uri_with_query ... âœ… PASS
  Running: test_split_uri_without_query ... âœ… PASS
  Running: test_split_uri_complex ... âœ… PASS
  Running: test_method_get_supported ... âœ… PASS
  Running: test_method_head_supported ... âœ… PASS
  Running: test_method_post_not_supported ... âœ… PASS
  Running: test_method_put_not_supported ... âœ… PASS
  Running: test_status_text_200 ... âœ… PASS
  Running: test_status_text_404 ... âœ… PASS
  Running: test_status_text_500 ... âœ… PASS
  Running: test_status_text_503 ... âœ… PASS
  Running: test_path_safe_normal ... âœ… PASS
  Running: test_path_unsafe_dotdot ... âœ… PASS
  Running: test_path_unsafe_trailing_dotdot ... âœ… PASS
  Running: test_content_type_html ... âœ… PASS
  Running: test_content_type_json ... âœ… PASS
  Running: test_content_type_txt ... âœ… PASS
  Running: test_content_type_unknown ... âœ… PASS
  Running: test_content_type_no_extension ... âœ… PASS

[0;32mâœ… Tests de HTTP Parser: PASSED[0m 
make[1]: Leaving directory '/app'
[0;32mâœ… PASSED[0m (4s)

â•â•â•â•â•â•â•â•â•â•â•â•â•â•â•â•â•â•â•â•â•â•â•â•â•â•â•â•â•â•â•â•â•â•â•â•â•â•â•â•â•â•â•â•â•â•â•â•â•â•â•â•â•â•â•â•
FASE 7: Tests unitarios - Metrics
â•â•â•â•â•â•â•â•â•â•â•â•â•â•â•â•â•â•â•â•â•â•â•â•â•â•â•â•â•â•â•â•â•â•â•â•â•â•â•â•â•â•â•â•â•â•â•â•â•â•â•â•â•â•â•â•

make[1]: Entering directory '/app'
Compilando test_metrics...
src/commands/cpu_bound/isprime.c:76:13: warning: 'is_prime_trial_division' defined but not used [-Wunused-function]
   76 | static bool is_prime_trial_division(uint64_t n) {
      |             ^~~~~~~~~~~~~~~~~~~~~~~
src/commands/io_bound/wordcount.c: In function 'handle_wordcount':
src/commands/io_bound/wordcount.c:122:10: warning: unused variable 'file_size' [-Wunused-variable]
  122 |     long file_size = (long)st.st_size;
      |          ^~~~~~~~~

[0;32m=========================================[0m 
[0;32m  Ejecutando Tests de Metrics[0m 
[0;32m=========================================[0m 

â•”â•â•â•â•â•â•â•â•â•â•â•â•â•â•â•â•â•â•â•â•â•â•â•â•â•â•â•â•â•â•â•â•â•â•â•â•â•â•â•â•â•â•â•â•â•â•â•â•â•â•â•â•â•â•â•â•â•â•â•â•â•—
â•‘         HTTP Server - Test Suite: Metrics                  â•‘
â•”â•â•â•â•â•â•â•â•â•â•â•â•â•â•â•â•â•â•â•â•â•â•â•â•â•â•â•â•â•â•â•â•â•â•â•â•â•â•â•â•â•â•â•â•â•â•â•â•â•â•â•â•â•â•â•â•â•â•â•â•â•—


ğŸ“¦ Test Suite: Metrics System
==========================================
  Running: test_metrics_init ... âœ… PASS
  Running: test_metrics_register_command ... âœ… PASS
  Running: test_metrics_register_duplicate ... âœ… PASS
  Running: test_metrics_record_wait_time ... âœ… PASS
  Running: test_metrics_record_exec_time ... âœ… PASS
  Running: test_metrics_update_queue_size ... âœ… PASS
  Running: test_metrics_update_workers ... âœ… PASS
  Running: test_metrics_stddev_calculation ... âœ… PASS
  Running: test_metrics_stddev_wait_time ... âœ… PASS
  Running: test_metrics_get_json_empty ... âœ… PASS
  Running: test_metrics_get_json_with_commands ... âœ… PASS
  Running: test_metrics_command_not_found ... âœ… PASS
  Running: test_metrics_no_data ... âœ… PASS
  Running: test_metrics_buffer_overflow ... âœ… PASS


â•”â•â•â•â•â•â•â•â•â•â•â•â•â•â•â•â•â•â•â•â•â•â•â•â•â•â•â•â•â•â•â•â•â•â•â•â•â•â•â•â•â•â•â•â•â•â•â•â•â•â•â•â•â•â•â•â•â•â•â•â•â•—
â•‘                 âœ… ALL TESTS PASSED                        â•‘
â•šâ•â•â•â•â•â•â•â•â•â•â•â•â•â•â•â•â•â•â•â•â•â•â•â•â•â•â•â•â•â•â•â•â•â•â•â•â•â•â•â•â•â•â•â•â•â•â•â•â•â•â•â•â•â•â•â•â•â•â•â•â•

[0;32mâœ… Tests de Metrics: PASSED[0m 
make[1]: Leaving directory '/app'
[0;32mâœ… PASSED[0m (4s)

â•â•â•â•â•â•â•â•â•â•â•â•â•â•â•â•â•â•â•â•â•â•â•â•â•â•â•â•â•â•â•â•â•â•â•â•â•â•â•â•â•â•â•â•â•â•â•â•â•â•â•â•â•â•â•â•
FASE 8: AnÃ¡lisis de cobertura de cÃ³digo
â•â•â•â•â•â•â•â•â•â•â•â•â•â•â•â•â•â•â•â•â•â•â•â•â•â•â•â•â•â•â•â•â•â•â•â•â•â•â•â•â•â•â•â•â•â•â•â•â•â•â•â•â•â•â•â•

make[1]: Entering directory '/app'

[0;32m=========================================[0m 
[0;32m  Ejecutando Tests de String Utils[0m 
[0;32m=========================================[0m 

â•”â•â•â•â•â•â•â•â•â•â•â•â•â•â•â•â•â•â•â•â•â•â•â•â•â•â•â•â•â•â•â•â•â•â•â•â•â•â•â•â•â•â•â•â•â•â•â•â•â•â•â•â•â•â•â•â•â•â•â•â•â•—
â•‘       HTTP Server - Test Suite: String Utils              â•‘
â•šâ•â•â•â•â•â•â•â•â•â•â•â•â•â•â•â•â•â•â•â•â•â•â•â•â•â•â•â•â•â•â•â•â•â•â•â•â•â•â•â•â•â•â•â•â•â•â•â•â•â•â•â•â•â•â•â•â•â•â•â•â•

ğŸ”¤ Test Suite: String Utils
==========================================
  Running: test_url_decode_simple ... âœ… PASS
  Running: test_url_decode_spaces ... âœ… PASS
  Running: test_url_decode_percent ... âœ… PASS
  Running: test_url_decode_special_chars ... âœ… PASS
  Running: test_url_decode_empty ... âœ… PASS
  Running: test_url_decode_null ... âœ… PASS
  Running: test_trim_no_whitespace ... âœ… PASS
  Running: test_trim_leading ... âœ… PASS
  Running: test_trim_trailing ... âœ… PASS
  Running: test_trim_both ... âœ… PASS
  Running: test_trim_only_whitespace ... âœ… PASS
  Running: test_str_split_simple ... âœ… PASS
  Running: test_str_split_single ... âœ… PASS
  Running: test_str_split_empty ... âœ… PASS
  Running: test_parse_query_simple ... âœ… PASS
  Running: test_parse_query_multiple ... âœ… PASS
  Running: test_parse_query_url_encoded ... âœ… PASS
  Running: test_parse_query_empty ... âœ… PASS
  Running: test_parse_query_null ... âœ… PASS
  Running: test_parse_query_no_value ... âœ… PASS
  Running: test_get_query_param_exists ... âœ… PASS
  Running: test_get_query_param_not_exists ... âœ… PASS
  Running: test_get_query_param_int_valid ... âœ… PASS
  Running: test_get_query_param_int_negative ... âœ… PASS
  Running: test_get_query_param_int_invalid ... âœ… PASS
  Running: test_get_query_param_int_not_exists ... âœ… PASS
  Running: test_get_query_param_long_valid ... âœ… PASS
  Running: test_get_query_param_long_not_exists ... âœ… PASS


â•”â•â•â•â•â•â•â•â•â•â•â•â•â•â•â•â•â•â•â•â•â•â•â•â•â•â•â•â•â•â•â•â•â•â•â•â•â•â•â•â•â•â•â•â•â•â•â•â•â•â•â•â•â•â•â•â•â•â•â•â•â•—
â•‘                 âœ… ALL TESTS PASSED                        â•‘
â•šâ•â•â•â•â•â•â•â•â•â•â•â•â•â•â•â•â•â•â•â•â•â•â•â•â•â•â•â•â•â•â•â•â•â•â•â•â•â•â•â•â•â•â•â•â•â•â•â•â•â•â•â•â•â•â•â•â•â•â•â•â•

[0;32mâœ… Tests de String Utils: PASSED[0m 

[0;32m=========================================[0m 
[0;32m  Ejecutando Tests de Queue[0m 
[0;32m=========================================[0m 

â•”â•â•â•â•â•â•â•â•â•â•â•â•â•â•â•â•â•â•â•â•â•â•â•â•â•â•â•â•â•â•â•â•â•â•â•â•â•â•â•â•â•â•â•â•â•â•â•â•â•â•â•â•â•â•â•â•â•â•â•â•â•—
â•‘         HTTP Server - Test Suite: Queue                   â•‘
â•”â•â•â•â•â•â•â•â•â•â•â•â•â•â•â•â•â•â•â•â•â•â•â•â•â•â•â•â•â•â•â•â•â•â•â•â•â•â•â•â•â•â•â•â•â•â•â•â•â•â•â•â•â•â•â•â•â•â•â•â•â•—


ğŸ“¦ Test Suite: Queue (Thread-Safe)
==========================================
  Running: test_queue_create ... âœ… PASS
  Running: test_queue_create_unlimited ... âœ… PASS
  Running: test_task_create ... âœ… PASS
  Running: test_task_create_null_query ... âœ… PASS
  Running: test_enqueue_dequeue_single ... âœ… PASS
  Running: test_enqueue_dequeue_multiple ... âœ… PASS
  Running: test_enqueue_full_no_wait ... âœ… PASS
  Running: test_enqueue_full_with_timeout ... âœ… PASS
  Running: test_dequeue_empty_timeout ... âœ… PASS
  Running: test_shutdown_dequeue_returns_null ... âœ… PASS
  Running: test_shutdown_enqueue_fails ... âœ… PASS
  Running: test_queue_stats ... âœ… PASS
  Running: test_concurrent_multiple_producers ... âœ… PASS
  Running: test_concurrent_producer_consumer ... âœ… PASS
  Running: test_concurrent_backpressure ... âœ… PASS
  Running: test_stress_high_concurrency ... âœ… PASS


â•”â•â•â•â•â•â•â•â•â•â•â•â•â•â•â•â•â•â•â•â•â•â•â•â•â•â•â•â•â•â•â•â•â•â•â•â•â•â•â•â•â•â•â•â•â•â•â•â•â•â•â•â•â•â•â•â•â•â•â•â•â•—
â•‘                 âœ… ALL TESTS PASSED                        â•‘
â•šâ•â•â•â•â•â•â•â•â•â•â•â•â•â•â•â•â•â•â•â•â•â•â•â•â•â•â•â•â•â•â•â•â•â•â•â•â•â•â•â•â•â•â•â•â•â•â•â•â•â•â•â•â•â•â•â•â•â•â•â•â•

[0;32mâœ… Tests de Queue: PASSED[0m 

[0;32m=========================================[0m 
[0;32m  Ejecutando Tests de Worker Pool[0m 
[0;32m=========================================[0m 
All tasks processed: 20
[0;32mâœ… Tests de Worker Pool: PASSED[0m 

[0;32m=========================================[0m 
[0;32m  Ejecutando Tests de Job Manager[0m 
[0;32m=========================================[0m 
  Running: test_job_submit_and_status ... âœ… PASS
  Running: test_job_mark_running_and_done ... âœ… PASS
  Running: test_job_mark_error_and_get_result ... âœ… PASS
  Running: test_job_cancel ... âœ… PASS

==========================================
ğŸ“Š TEST SUMMARY
==========================================
Total Assertions: 17
âœ… Passed: 17
âŒ Failed: 0
Pass Rate: 100.00%
==========================================
ğŸ‰ ALL TESTS PASSED!

[0;32mâœ… Tests de Job Manager: PASSED[0m 

[0;32m=========================================[0m 
[0;32m  Ejecutando Tests de HTTP Parser[0m 
[0;32m=========================================[0m 

ğŸ“¦ Test Suite: HTTP Parser
==========================================
  Running: test_parse_simple_get ... âœ… PASS
  Running: test_parse_get_with_query ... âœ… PASS
  Running: test_parse_with_headers ... âœ… PASS
  Running: test_parse_complex_query ... âœ… PASS
  Running: test_parse_malformed_no_version ... âœ… PASS
  Running: test_parse_malformed_no_crlf ... âœ… PASS
  Running: test_parse_http_1_1 ... âœ… PASS
  Running: test_split_uri_with_query ... âœ… PASS
  Running: test_split_uri_without_query ... âœ… PASS
  Running: test_split_uri_complex ... âœ… PASS
  Running: test_method_get_supported ... âœ… PASS
  Running: test_method_head_supported ... âœ… PASS
  Running: test_method_post_not_supported ... âœ… PASS
  Running: test_method_put_not_supported ... âœ… PASS
  Running: test_status_text_200 ... âœ… PASS
  Running: test_status_text_404 ... âœ… PASS
  Running: test_status_text_500 ... âœ… PASS
  Running: test_status_text_503 ... âœ… PASS
  Running: test_path_safe_normal ... âœ… PASS
  Running: test_path_unsafe_dotdot ... âœ… PASS
  Running: test_path_unsafe_trailing_dotdot ... âœ… PASS
  Running: test_content_type_html ... âœ… PASS
  Running: test_content_type_json ... âœ… PASS
  Running: test_content_type_txt ... âœ… PASS
  Running: test_content_type_unknown ... âœ… PASS
  Running: test_content_type_no_extension ... âœ… PASS

[0;32mâœ… Tests de HTTP Parser: PASSED[0m 

[0;32m=========================================[0m 
[0;32m  Ejecutando Tests de Metrics[0m 
[0;32m=========================================[0m 

â•”â•â•â•â•â•â•â•â•â•â•â•â•â•â•â•â•â•â•â•â•â•â•â•â•â•â•â•â•â•â•â•â•â•â•â•â•â•â•â•â•â•â•â•â•â•â•â•â•â•â•â•â•â•â•â•â•â•â•â•â•â•—
â•‘         HTTP Server - Test Suite: Metrics                  â•‘
â•”â•â•â•â•â•â•â•â•â•â•â•â•â•â•â•â•â•â•â•â•â•â•â•â•â•â•â•â•â•â•â•â•â•â•â•â•â•â•â•â•â•â•â•â•â•â•â•â•â•â•â•â•â•â•â•â•â•â•â•â•â•—


ğŸ“¦ Test Suite: Metrics System
==========================================
  Running: test_metrics_init ... âœ… PASS
  Running: test_metrics_register_command ... âœ… PASS
  Running: test_metrics_register_duplicate ... âœ… PASS
  Running: test_metrics_record_wait_time ... âœ… PASS
  Running: test_metrics_record_exec_time ... âœ… PASS
  Running: test_metrics_update_queue_size ... âœ… PASS
  Running: test_metrics_update_workers ... âœ… PASS
  Running: test_metrics_stddev_calculation ... âœ… PASS
  Running: test_metrics_stddev_wait_time ... âœ… PASS
  Running: test_metrics_get_json_empty ... âœ… PASS
  Running: test_metrics_get_json_with_commands ... âœ… PASS
  Running: test_metrics_command_not_found ... âœ… PASS
  Running: test_metrics_no_data ... âœ… PASS
  Running: test_metrics_buffer_overflow ... âœ… PASS


â•”â•â•â•â•â•â•â•â•â•â•â•â•â•â•â•â•â•â•â•â•â•â•â•â•â•â•â•â•â•â•â•â•â•â•â•â•â•â•â•â•â•â•â•â•â•â•â•â•â•â•â•â•â•â•â•â•â•â•â•â•â•—
â•‘                 âœ… ALL TESTS PASSED                        â•‘
â•šâ•â•â•â•â•â•â•â•â•â•â•â•â•â•â•â•â•â•â•â•â•â•â•â•â•â•â•â•â•â•â•â•â•â•â•â•â•â•â•â•â•â•â•â•â•â•â•â•â•â•â•â•â•â•â•â•â•â•â•â•â•

[0;32mâœ… Tests de Metrics: PASSED[0m 
Compilando test_race_conditions...
tests/test_race_conditions.c: In function 'main':
tests/test_race_conditions.c:315:14: warning: unused parameter 'argc' [-Wunused-parameter]
  315 | int main(int argc, char **argv) {
      |          ~~~~^~~~
tests/test_race_conditions.c:315:27: warning: unused parameter 'argv' [-Wunused-parameter]
  315 | int main(int argc, char **argv) {
      |                    ~~~~~~~^~~~
src/commands/cpu_bound/isprime.c:76:13: warning: 'is_prime_trial_division' defined but not used [-Wunused-function]
   76 | static bool is_prime_trial_division(uint64_t n) {
      |             ^~~~~~~~~~~~~~~~~~~~~~~
src/commands/io_bound/wordcount.c: In function 'handle_wordcount':
src/commands/io_bound/wordcount.c:122:10: warning: unused variable 'file_size' [-Wunused-variable]
  122 |     long file_size = (long)st.st_size;
      |          ^~~~~~~~~

[0;32m=========================================[0m 
[0;32m  Test de Race Conditions[0m 
[0;32m=========================================[0m 

â•”â•â•â•â•â•â•â•â•â•â•â•â•â•â•â•â•â•â•â•â•â•â•â•â•â•â•â•â•â•â•â•â•â•â•â•â•â•â•â•â•â•â•â•â•â•â•â•â•â•â•â•â•â•â•â•â•â•â•â•â•â•—
â•‘     TEST DE CONCURRENCIA Y RACE CONDITIONS                 â•‘
â•šâ•â•â•â•â•â•â•â•â•â•â•â•â•â•â•â•â•â•â•â•â•â•â•â•â•â•â•â•â•â•â•â•â•â•â•â•â•â•â•â•â•â•â•â•â•â•â•â•â•â•â•â•â•â•â•â•â•â•â•â•â•

âš ï¸  IMPORTANTE: Debe estar corriendo el servidor en puerto 8080
   Ejecutar antes: ./build/http_server 8080

Verificando conexiÃ³n al servidor...
âœ… Servidor detectado

========================================
TEST: 10 clientes concurrentes, 10 requests c/u
========================================
Creando 10 threads...
Esperando a que terminen todos los clientes...

--- RESULTADOS ---
Total requests:  100
Exitosos:        86 (86.00%)
Errores:         14 (14.00%)
Tiempo total:    37.36 ms
Throughput:      2676.76 req/s

âš ï¸  ADVERTENCIA: Tasa de error alta (14.00%).
   Posible race condition o deadlock.

========================================
TEST: 50 clientes concurrentes, 5 requests c/u
========================================
Creando 50 threads...
Esperando a que terminen todos los clientes...

--- RESULTADOS ---
Total requests:  250
Exitosos:        214 (85.60%)
Errores:         36 (14.40%)
Tiempo total:    26.53 ms
Throughput:      9424.57 req/s

âš ï¸  ADVERTENCIA: Tasa de error alta (14.40%).
   Posible race condition o deadlock.

========================================
TEST: 100 clientes concurrentes, 3 requests c/u
========================================
Creando 100 threads...
Esperando a que terminen todos los clientes...

--- RESULTADOS ---
Total requests:  300
Exitosos:        268 (89.33%)
Errores:         32 (10.67%)
Tiempo total:    44.78 ms
Throughput:      6699.44 req/s

âš ï¸  ADVERTENCIA: Tasa de error alta (10.67%).
   Posible race condition o deadlock.

========================================
TEST: Burst de conexiones (sin pausa)
========================================
Creando 50 threads simultÃ¡neamente...

--- RESULTADOS BURST ---
Total requests:  500
Exitosos:        429
Errores:         71

âš ï¸  Alta tasa de error en burst - posible problema de concurrencia

========================================
TEST: Consistencia de /metrics bajo carga
========================================
Consultando /metrics desde 20 clientes simultÃ¡neos...
âœ… /metrics respondiÃ³ correctamente despuÃ©s de carga concurrente

â•”â•â•â•â•â•â•â•â•â•â•â•â•â•â•â•â•â•â•â•â•â•â•â•â•â•â•â•â•â•â•â•â•â•â•â•â•â•â•â•â•â•â•â•â•â•â•â•â•â•â•â•â•â•â•â•â•â•â•â•â•â•—
â•‘              TESTS DE CONCURRENCIA COMPLETADOS             â•‘
â•šâ•â•â•â•â•â•â•â•â•â•â•â•â•â•â•â•â•â•â•â•â•â•â•â•â•â•â•â•â•â•â•â•â•â•â•â•â•â•â•â•â•â•â•â•â•â•â•â•â•â•â•â•â•â•â•â•â•â•â•â•â•

ğŸ“ Para detectar race conditions mÃ¡s profundas, ejecutar:
   valgrind --tool=helgrind ./build/http_server 8080
   valgrind --tool=drd ./build/http_server 8080

[0;32mâœ… Tests de Race Conditions: PASSED[0m 

[0;32m=========================================[0m 
[0;32m  ğŸ‰ TODOS LOS TESTS PASARON[0m 
[0;32m=========================================[0m 


==========================================
  Generando Reporte de Cobertura
==========================================

Generando reportes con gcov...

Archivos .gcov generados: 12

==========================================================
          REPORTE DE COBERTURA
==========================================================

=== UTILS ===
  [-] logger.c                         0% (0/41)
  [-] string_utils.c                   0% (0/102)
  [-] timer.c                          0% (0/16)
  [-] uuid.c                           0% (0/10)
  ----------------------------------------------------------
  Total: 0% (0/169 lines, 4 archivos)

=== CORE ===
  [-] job_executor.c                   0% (0/236)
  [-] job_manager.c                    0% (0/151)
  [-] metrics.c                        0% (0/187)
  [-] queue.c                          0% (0/190)
  [-] worker_pool.c                    0% (0/80)
  ----------------------------------------------------------
  Total: 0% (0/844 lines, 5 archivos)

=== SERVER ===
  [-] http.c                          47% (76/159)
  [-] server.c                         0% (0/212)
  ----------------------------------------------------------
  Total: 20% (76/371 lines, 2 archivos)

=== ROUTER ===
  [-] router.c                         0% (0/424)
  ----------------------------------------------------------
  Total: 0% (0/424 lines, 1 archivos)

==========================================================
COBERTURA TOTAL: 4% (76/1808 lines)
==========================================================

Leyenda: [+] 90%+  [~] 70-89%  [.] 50-69%  [-] <50%

Ver detalles: cat coverage/<archivo>.c.gcov | less

make[1]: Leaving directory '/app'
[0;32mâœ… PASSED[0m (59s)

â•â•â•â•â•â•â•â•â•â•â•â•â•â•â•â•â•â•â•â•â•â•â•â•â•â•â•â•â•â•â•â•â•â•â•â•â•â•â•â•â•â•â•â•â•â•â•â•â•â•â•â•â•â•â•â•
FASE: Tests de IntegraciÃ³n (servidor en background)
â•â•â•â•â•â•â•â•â•â•â•â•â•â•â•â•â•â•â•â•â•â•â•â•â•â•â•â•â•â•â•â•â•â•â•â•â•â•â•â•â•â•â•â•â•â•â•â•â•â•â•â•â•â•â•â•

Iniciando servidor...
[2025-10-30 04:06:33] [INFO ] [main.c:50] ===========================================
[2025-10-30 04:06:33] [INFO ] [main.c:51]   HTTP Server v1.0
[2025-10-30 04:06:33] [INFO ] [main.c:52] ===========================================
[2025-10-30 04:06:33] [INFO ] [main.c:53] PID: 6020
[2025-10-30 04:06:33] [INFO ] [main.c:56] Initializing Job Manager...
[2025-10-30 04:06:33] [INFO ] [main.c:64] Initializing Job Executor (4 workers, queue depth: 100)...
[2025-10-30 04:06:33] [INFO ] [main.c:73] Initializing Metrics System...
[2025-10-30 04:06:33] [INFO ] [server.c:85] Metrics system initialized with 18 commands
[2025-10-30 04:06:33] [ERROR] [server.c:113] Failed to bind to port 8080: Address already in use
[2025-10-30 04:06:33] [ERROR] [main.c:88] Failed to initialize server
[0;32mâœ“ Servidor iniciado correctamente (PID: 6020)[0m

â•â•â•â•â•â•â•â•â•â•â•â•â•â•â•â•â•â•â•â•â•â•â•â•â•â•â•â•â•â•â•â•â•â•â•â•â•â•â•â•â•â•â•â•â•â•â•â•â•â•â•â•â•â•â•â•
FASE 9: Tests de concurrencia y race conditions
â•â•â•â•â•â•â•â•â•â•â•â•â•â•â•â•â•â•â•â•â•â•â•â•â•â•â•â•â•â•â•â•â•â•â•â•â•â•â•â•â•â•â•â•â•â•â•â•â•â•â•â•â•â•â•â•

scripts/run_all_tests.sh: line 55: ./scripts/test_race_conditions_integration.sh: No such file or directory
[1;33mâŠ˜ SKIPPED[0m (no crÃ­tico)

â•â•â•â•â•â•â•â•â•â•â•â•â•â•â•â•â•â•â•â•â•â•â•â•â•â•â•â•â•â•â•â•â•â•â•â•â•â•â•â•â•â•â•â•â•â•â•â•â•â•â•â•â•â•â•â•
FASE 10: Tests de comandos CPU-bound
â•â•â•â•â•â•â•â•â•â•â•â•â•â•â•â•â•â•â•â•â•â•â•â•â•â•â•â•â•â•â•â•â•â•â•â•â•â•â•â•â•â•â•â•â•â•â•â•â•â•â•â•â•â•â•â•


==========================================
  PRUEBAS AUTOMATICAS CPU-BOUND
==========================================

âœ“ Servidor disponible

Ejecutando pruebas...

PI: 10 dÃ­gitos...                                 âœ“ PASSED (9ms)
PI: 15 dÃ­gitos...                                 âœ“ PASSED (9ms)
MANDELBROT: 50x50, 100 iter...                     âœ“ PASSED (9ms)
MANDELBROT: 100x100, 100 iter...                   âœ“ PASSED (10ms)
MANDELBROT: 200x200, 500 iter...                   âœ“ PASSED (18ms)
MANDELBROT: 300x300, 500 iter...                   âœ“ PASSED (29ms)
MATRIXMUL: 50x50...                                âœ“ PASSED (9ms)
MATRIXMUL: 100x100...                              âœ“ PASSED (8ms)
MATRIXMUL: 150x150...                              âœ“ PASSED (9ms)
MATRIXMUL: 200x200...                              âœ“ PASSED (11ms)

Tests de carga pesada (pueden tardar varios segundos):
MANDELBROT: 400x400, 1000 iter...                  âœ“ PASSED (74ms)
MATRIXMUL: 300x300...                              âœ“ PASSED (15ms)

==========================================
  RESULTADOS
==========================================
Tests exitosos: 12
Tests fallidos: 0
Total: 12

âœ“ Todos los tests pasaron
[0;32mâœ… PASSED[0m (0s)

â•â•â•â•â•â•â•â•â•â•â•â•â•â•â•â•â•â•â•â•â•â•â•â•â•â•â•â•â•â•â•â•â•â•â•â•â•â•â•â•â•â•â•â•â•â•â•â•â•â•â•â•â•â•â•â•
FASE 11: Benchmark y anÃ¡lisis de mÃ©tricas
â•â•â•â•â•â•â•â•â•â•â•â•â•â•â•â•â•â•â•â•â•â•â•â•â•â•â•â•â•â•â•â•â•â•â•â•â•â•â•â•â•â•â•â•â•â•â•â•â•â•â•â•â•â•â•â•


==========================================
  BENCHMARK DE METRICAS Y LATENCIAS
==========================================

âœ“ Servidor disponible

â•”â•â•â•â•â•â•â•â•â•â•â•â•â•â•â•â•â•â•â•â•â•â•â•â•â•â•â•â•â•â•â•â•â•â•â•â•â•â•â•â•â•â•â•â•â•â•â•â•â•â•â•â•â•â•â•â•â•—
â•‘  PERFIL 1: CARGA LIGERA                                â•‘
â•šâ•â•â•â•â•â•â•â•â•â•â•â•â•â•â•â•â•â•â•â•â•â•â•â•â•â•â•â•â•â•â•â•â•â•â•â•â•â•â•â•â•â•â•â•â•â•â•â•â•â•â•â•â•â•â•â•â•

==========================================
PERFIL: perfil1_ligera
==========================================
DescripciÃ³n: Carga ligera: 100 requests, concurrencia 10
Requests totales: 100
Concurrencia: 10
Endpoint: /random?min=1&max=100

Ejecutando con Apache Bench (ab)...
RESULTADOS:

  Throughput: 8496.18 req/s
  Tiempo promedio: 1.177ms

  Latencias (ms):
    p50 (mediana): 1ms
    p95:           1ms
    p99:           1ms

  Requests completados: 100
  Requests fallidos: 0


â•”â•â•â•â•â•â•â•â•â•â•â•â•â•â•â•â•â•â•â•â•â•â•â•â•â•â•â•â•â•â•â•â•â•â•â•â•â•â•â•â•â•â•â•â•â•â•â•â•â•â•â•â•â•â•â•â•â•—
â•‘  PERFIL 2: CARGA MEDIA                                 â•‘
â•šâ•â•â•â•â•â•â•â•â•â•â•â•â•â•â•â•â•â•â•â•â•â•â•â•â•â•â•â•â•â•â•â•â•â•â•â•â•â•â•â•â•â•â•â•â•â•â•â•â•â•â•â•â•â•â•â•â•

==========================================
PERFIL: perfil2_media
==========================================
DescripciÃ³n: Carga media: 500 requests, concurrencia 50
Requests totales: 500
Concurrencia: 50
Endpoint: /isprime?n=97

Ejecutando con Apache Bench (ab)...
RESULTADOS:

  Throughput: 8402.09 req/s
  Tiempo promedio: 5.951ms

  Latencias (ms):
    p50 (mediana): 6ms
    p95:           7ms
    p99:           8ms

  Requests completados: 500
  Requests fallidos: 0


â•”â•â•â•â•â•â•â•â•â•â•â•â•â•â•â•â•â•â•â•â•â•â•â•â•â•â•â•â•â•â•â•â•â•â•â•â•â•â•â•â•â•â•â•â•â•â•â•â•â•â•â•â•â•â•â•â•â•—
â•‘  PERFIL 3: CARGA ALTA (STRESS)                         â•‘
â•šâ•â•â•â•â•â•â•â•â•â•â•â•â•â•â•â•â•â•â•â•â•â•â•â•â•â•â•â•â•â•â•â•â•â•â•â•â•â•â•â•â•â•â•â•â•â•â•â•â•â•â•â•â•â•â•â•â•

==========================================
PERFIL: perfil3_alta
==========================================
DescripciÃ³n: Carga alta: 1000 requests, concurrencia 100
Requests totales: 1000
Concurrencia: 100
Endpoint: /factor?n=123456

Ejecutando con Apache Bench (ab)...
RESULTADOS:

  Throughput: 8048.61 req/s
  Tiempo promedio: 12.425ms

  Latencias (ms):
    p50 (mediana): 12ms
    p95:           15ms
    p99:           17ms

  Requests completados: 1000
  Requests fallidos: 0


==========================================
  RESUMEN DE TODOS LOS PERFILES
==========================================

Profile: perfil1_ligera
Timestamp: Thu Oct 30 03:56:26 UTC 2025
Throughput: 8314.63 req/s
Latency p50: 1ms
Latency p95: 1ms
Latency p99: 2ms
Completed: 100
Failed: 0
---
Profile: perfil2_media
Timestamp: Thu Oct 30 03:56:29 UTC 2025
Throughput: 8678.90 req/s
Latency p50: 6ms
Latency p95: 7ms
Latency p99: 8ms
Completed: 500
Failed: 0
---
Profile: perfil3_alta
Timestamp: Thu Oct 30 03:56:31 UTC 2025
Throughput: 7043.69 req/s
Latency p50: 11ms
Latency p95: 41ms
Latency p99: 43ms
Completed: 1000
Failed: 0
---
Profile: perfil1_ligera
Timestamp: Thu Oct 30 04:06:36 UTC 2025
Throughput: 8496.18 req/s
Latency p50: 1ms
Latency p95: 1ms
Latency p99: 1ms
Completed: 100
Failed: 0
---
Profile: perfil2_media
Timestamp: Thu Oct 30 04:06:38 UTC 2025
Throughput: 8402.09 req/s
Latency p50: 6ms
Latency p95: 7ms
Latency p99: 8ms
Completed: 500
Failed: 0
---
Profile: perfil3_alta
Timestamp: Thu Oct 30 04:06:40 UTC 2025
Throughput: 8048.61 req/s
Latency p50: 12ms
Latency p95: 15ms
Latency p99: 17ms
Completed: 1000
Failed: 0
---

Resultados guardados en: benchmark_results/

Ver mÃ©tricas del servidor:
  curl http://localhost:8080/metrics

[0;32mâœ… PASSED[0m (4s)

Deteniendo servidor...


â•”â•â•â•â•â•â•â•â•â•â•â•â•â•â•â•â•â•â•â•â•â•â•â•â•â•â•â•â•â•â•â•â•â•â•â•â•â•â•â•â•â•â•â•â•â•â•â•â•â•â•â•â•â•â•â•â•â•—
â•‘                                                        â•‘
â•‘                  RESUMEN DE PRUEBAS                    â•‘
â•‘                                                        â•‘
â•šâ•â•â•â•â•â•â•â•â•â•â•â•â•â•â•â•â•â•â•â•â•â•â•â•â•â•â•â•â•â•â•â•â•â•â•â•â•â•â•â•â•â•â•â•â•â•â•â•â•â•â•â•â•â•â•â•â•

Test                                               Resultado  Tiempo    
â”€â”€â”€â”€â”€â”€â”€â”€â”€â”€â”€â”€â”€â”€â”€â”€â”€â”€â”€â”€â”€â”€â”€â”€â”€â”€â”€â”€â”€â”€â”€â”€â”€â”€â”€â”€â”€â”€â”€â”€â”€â”€â”€â”€â”€â”€â”€â”€â”€â”€â”€â”€â”€â”€â”€â”€â”€â”€â”€â”€â”€â”€â”€â”€â”€â”€â”€â”€
CompilaciÃ³n del servidor                          [0;32mâœ… PASSED[0m4s
Tests unitarios - String Utils                     [0;32mâœ… PASSED[0m1s
Tests unitarios - Queue                            [0;32mâœ… PASSED[0m52s
Tests unitarios - Worker Pool                      [0;32mâœ… PASSED[0m4s
Tests unitarios - Job Manager                      [0;32mâœ… PASSED[0m4s
Tests unitarios - HTTP Parser                      [0;32mâœ… PASSED[0m4s
Tests unitarios - Metrics                          [0;32mâœ… PASSED[0m4s
AnÃ¡lisis de cobertura de cÃ³digo                  [0;32mâœ… PASSED[0m59s
Tests de concurrencia y race conditions            [1;33mâŠ˜ SKIPPED[0m0s
Tests de comandos CPU-bound                        [0;32mâœ… PASSED[0m0s
Benchmark y anÃ¡lisis de mÃ©tricas                 [0;32mâœ… PASSED[0m4s

â”€â”€â”€â”€â”€â”€â”€â”€â”€â”€â”€â”€â”€â”€â”€â”€â”€â”€â”€â”€â”€â”€â”€â”€â”€â”€â”€â”€â”€â”€â”€â”€â”€â”€â”€â”€â”€â”€â”€â”€â”€â”€â”€â”€â”€â”€â”€â”€â”€â”€â”€â”€â”€â”€â”€â”€â”€â”€â”€â”€â”€â”€â”€â”€â”€â”€â”€â”€

ESTADÃSTICAS:
  Total de pruebas:    11
  [0;32mExitosas:            10[0m
  [0;31mFallidas:            0[0m
  [1;33mOmitidas:            1[0m
  Tasa de Ã©xito:       90%

ARCHIVOS GENERADOS:
  Log completo:        test_results/test_suite_20251030_040420.log
  Cobertura:           coverage/
  Benchmarks:          benchmark_results/

â•”â•â•â•â•â•â•â•â•â•â•â•â•â•â•â•â•â•â•â•â•â•â•â•â•â•â•â•â•â•â•â•â•â•â•â•â•â•â•â•â•â•â•â•â•â•â•â•â•â•â•â•â•â•â•â•â•â•—
â•‘                                                        â•‘
â•‘  [0;32mâœ…  TODAS LAS PRUEBAS CRÃTICAS PASARON[0m              â•‘
â•‘                                                        â•‘
â•šâ•â•â•â•â•â•â•â•â•â•â•â•â•â•â•â•â•â•â•â•â•â•â•â•â•â•â•â•â•â•â•â•â•â•â•â•â•â•â•â•â•â•â•â•â•â•â•â•â•â•â•â•â•â•â•â•â•
